TN:
SF:/Users/wendolyr/Desktop/C5_s21_decimal-1/src/s21_add.c
FNL:0,3,41
FNA:0,27,s21_add
FNL:1,43,63
FNA:1,212,s21_add_big
FNF:2
FNH:2
DA:3,27
DA:4,27
DA:5,27
DA:7,27
DA:8,0
DA:9,27
DA:10,2
DA:11,25
DA:12,1
DA:13,24
DA:14,24
DA:15,24
DA:16,24
DA:17,24
DA:18,24
DA:19,24
DA:21,24
DA:22,24
DA:23,24
DA:24,24
DA:25,24
DA:26,9
DA:27,18
DA:28,4
DA:29,4
DA:30,5
DA:31,4
DA:32,4
DA:35,15
DA:37,24
DA:40,27
DA:43,212
DA:45,212
DA:46,212
DA:48,212
DA:49,47700
DA:50,47488
DA:51,47488
DA:52,47488
DA:55,212
DA:56,0
DA:57,212
DA:58,0
DA:59,212
DA:60,212
DA:62,212
LF:46
LH:43
end_of_record
TN:
SF:/Users/wendolyr/Desktop/C5_s21_decimal-1/src/s21_dec_comparison.c
FNL:0,15,40
FNA:0,6613,s21_is_greater_big
FNL:1,3,13
FNA:1,93,s21_is_greater
FNL:2,42,52
FNA:2,56,s21_is_equal
FNL:3,54,68
FNA:3,1652,s21_is_equal_big
FNL:4,70,75
FNA:4,46,s21_is_greater_or_equal
FNL:5,77,82
FNA:5,6520,s21_is_greater_or_equal_big
FNL:6,84,86
FNA:6,11,s21_is_not_equal
FNL:7,88,90
FNA:7,28,s21_is_less
FNL:8,92,94
FNA:8,8,s21_is_less_or_equal
FNF:9
FNH:9
DA:3,93
DA:4,93
DA:5,93
DA:6,93
DA:7,93
DA:8,93
DA:10,93
DA:12,93
DA:15,6613
DA:16,6613
DA:17,6613
DA:18,6613
DA:19,6613
DA:21,6613
DA:22,9
DA:23,6604
DA:24,2
DA:25,6602
DA:26,0
DA:28,41057
DA:29,34455
DA:30,4977
DA:31,4977
DA:32,29478
DA:33,1591
DA:34,1591
DA:39,6613
DA:42,56
DA:43,56
DA:44,56
DA:45,56
DA:46,56
DA:47,56
DA:49,56
DA:51,56
DA:54,1652
DA:55,1652
DA:56,1652
DA:58,1652
DA:59,3511
DA:60,1891
DA:61,1591
DA:62,1591
DA:67,1652
DA:70,46
DA:71,46
DA:72,46
DA:74,46
DA:77,6520
DA:78,6520
DA:79,6520
DA:81,6520
DA:84,11
DA:85,11
DA:88,28
DA:89,28
DA:92,8
DA:93,8
LF:58
LH:57
end_of_record
TN:
SF:/Users/wendolyr/Desktop/C5_s21_decimal-1/src/s21_dec_converters.c
FNL:0,100,128
FNA:0,14,s21_from_decimal_to_float
FNL:1,27,78
FNA:1,2,s21_from_float_to_decimal
FNL:2,8,25
FNA:2,6,s21_from_int_to_decimal
FNL:3,80,98
FNA:3,6,s21_from_decimal_to_int
FNF:4
FNH:4
DA:8,6
DA:9,6
DA:10,6
DA:11,6
DA:12,0
DA:14,6
DA:15,6
DA:16,3
DA:17,3
DA:19,3
DA:20,6
DA:21,6
DA:22,6
DA:24,6
DA:27,2
DA:28,2
DA:29,2
DA:30,2
DA:31,2
DA:32,0
DA:34,2
DA:35,2
DA:36,2
DA:37,2
DA:38,19
DA:39,17
DA:41,2
DA:42,2
DA:43,2
DA:44,8
DA:45,6
DA:46,2
DA:48,2
DA:49,14
DA:50,12
DA:51,0
DA:52,0
DA:55,2
DA:56,2
DA:57,2
DA:58,2
DA:59,2
DA:60,2
DA:61,2
DA:62,2
DA:63,2
DA:64,0
DA:65,0
DA:67,2
DA:68,2
DA:69,2
DA:71,0
DA:72,0
DA:73,0
DA:77,2
DA:80,6
DA:81,6
DA:82,6
DA:83,0
DA:84,6
DA:85,0
DA:87,6
DA:88,6
DA:89,6
DA:90,16
DA:91,6
DA:92,0
DA:94,6
DA:97,6
DA:100,14
DA:101,14
DA:102,14
DA:103,0
DA:104,14
DA:105,0
DA:106,0
DA:107,14
DA:108,2
DA:109,2
DA:110,1
DA:112,1
DA:114,12
DA:115,12
DA:116,12
DA:118,1164
DA:119,1152
DA:120,12
DA:122,12
DA:124,12
DA:127,14
LF:90
LH:75
end_of_record
TN:
SF:/Users/wendolyr/Desktop/C5_s21_decimal-1/src/s21_dec_others.c
FNL:0,114,131
FNA:0,4,s21_floor
FNL:1,17,30
FNA:1,19,s21_truncate
FNL:2,3,15
FNA:2,4,s21_negate
FNL:3,32,51
FNA:3,24,s21_truncate_big
FNL:4,53,84
FNA:4,5,bank_rounding
FNL:5,86,112
FNA:5,10,s21_round
FNF:6
FNH:6
DA:3,4
DA:4,4
DA:5,4
DA:6,0
DA:8,4
DA:9,4
DA:10,4
DA:11,4
DA:14,4
DA:17,19
DA:18,19
DA:19,19
DA:20,0
DA:22,19
DA:23,19
DA:24,19
DA:25,19
DA:26,19
DA:29,19
DA:32,24
DA:33,24
DA:34,24
DA:36,24
DA:37,24
DA:38,24
DA:39,7
DA:41,17
DA:42,54
DA:43,37
DA:44,37
DA:45,37
DA:47,17
DA:48,17
DA:49,17
DA:51,24
DA:53,5
DA:55,5
DA:56,5
DA:57,1125
DA:58,1120
DA:59,380
DA:61,1120
DA:64,5
DA:65,5
DA:67,5
DA:68,5
DA:69,5
DA:71,5
DA:72,2
DA:73,2
DA:74,3
DA:75,3
DA:77,0
DA:78,0
DA:80,0
DA:81,0
DA:84,5
DA:86,10
DA:87,10
DA:88,10
DA:89,0
DA:91,10
DA:92,10
DA:93,10
DA:95,10
DA:96,10
DA:98,10
DA:99,10
DA:101,10
DA:102,10
DA:104,10
DA:105,7
DA:107,3
DA:109,10
DA:111,10
DA:114,4
DA:115,4
DA:116,4
DA:117,0
DA:119,4
DA:120,4
DA:122,4
DA:123,4
DA:124,1
DA:125,1
DA:126,1
DA:130,4
LF:87
LH:79
end_of_record
TN:
SF:/Users/wendolyr/Desktop/C5_s21_decimal-1/src/s21_div.c
FNL:0,3,28
FNA:0,5,s21_div
FNL:1,30,71
FNA:1,3,s21_div_big
FNL:2,73,108
FNA:2,63,div_with_remainder
FNF:3
FNH:3
DA:3,5
DA:4,5
DA:5,5
DA:7,5
DA:8,0
DA:9,5
DA:10,2
DA:13,5
DA:14,3
DA:15,3
DA:16,3
DA:17,3
DA:18,3
DA:20,3
DA:22,3
DA:23,3
DA:27,5
DA:30,3
DA:32,3
DA:33,3
DA:34,3
DA:35,3
DA:36,3
DA:37,3
DA:38,3
DA:39,3
DA:40,3
DA:42,3
DA:43,3
DA:44,0
DA:46,0
DA:47,0
DA:48,0
DA:50,0
DA:51,0
DA:54,3
DA:55,3
DA:57,0
DA:58,0
DA:60,0
DA:62,0
DA:64,3
DA:66,27
DA:67,24
DA:70,3
DA:73,63
DA:75,63
DA:76,63
DA:77,63
DA:78,63
DA:79,3260
DA:80,3197
DA:81,3197
DA:83,63
DA:84,48
DA:85,48
DA:87,15
DA:88,15
DA:91,3260
DA:92,3197
DA:93,3197
DA:94,3197
DA:95,140187
DA:96,136990
DA:97,136990
DA:99,3197
DA:100,3197
DA:101,1717
DA:102,1717
DA:104,1480
DA:107,63
LF:71
LH:60
end_of_record
TN:
SF:/Users/wendolyr/Desktop/C5_s21_decimal-1/src/s21_mul.c
FNL:0,26,51
FNA:0,15,s21_mul_big
FNL:1,3,24
FNA:1,15,s21_mul
FNF:2
FNH:2
DA:3,15
DA:4,15
DA:5,15
DA:7,15
DA:8,0
DA:10,15
DA:11,15
DA:12,15
DA:13,15
DA:14,15
DA:15,15
DA:17,15
DA:18,15
DA:19,15
DA:23,15
DA:26,15
DA:28,15
DA:30,1455
DA:31,1440
DA:32,111
DA:34,1440
DA:37,15
DA:38,15
DA:39,15
DA:40,7
DA:42,8
DA:44,15
DA:45,15
DA:46,15
DA:48,0
DA:50,15
LF:31
LH:29
end_of_record
TN:
SF:/Users/wendolyr/Desktop/C5_s21_decimal-1/src/s21_sub.c
FNL:0,3,39
FNA:0,32,s21_sub
FNL:1,41,80
FNA:1,1789,s21_sub_big
FNF:2
FNH:2
DA:3,32
DA:4,32
DA:5,32
DA:7,32
DA:8,0
DA:10,32
DA:11,32
DA:12,32
DA:13,32
DA:14,32
DA:15,32
DA:16,32
DA:18,32
DA:19,32
DA:20,32
DA:21,32
DA:22,32
DA:23,10
DA:24,11
DA:26,21
DA:27,11
DA:28,11
DA:29,10
DA:30,5
DA:31,5
DA:35,32
DA:38,32
DA:41,1789
DA:43,1789
DA:44,1789
DA:46,1789
DA:47,1789
DA:49,402525
DA:50,400736
DA:51,1035
DA:52,399701
DA:53,704
DA:54,398997
DA:55,398997
DA:58,400736
DA:59,400736
DA:61,400736
DA:63,400736
DA:64,1035
DA:65,1035
DA:66,1739
DA:67,704
DA:68,704
DA:70,1035
DA:73,400736
DA:74,400736
DA:77,1789
DA:79,1789
LF:53
LH:52
end_of_record
TN:
SF:/Users/wendolyr/Desktop/C5_s21_decimal-1/src/s21_work_with_big_dec.c
FNL:0,125,141
FNA:0,8321,normalization
FNL:1,143,147
FNA:1,2088,set_zero_bits_big
FNL:2,149,156
FNA:2,8376,is_zero_big
FNL:3,158,163
FNA:3,60,create_ten_big
FNL:4,16,18
FNA:4,18796,get_scale_big
FNL:5,20,23
FNA:5,2250,set_scale_big
FNL:6,25,36
FNA:6,900747,get_bit_big
FNL:7,3,6
FNA:7,13591,get_sign_big
FNL:8,38,51
FNA:8,451484,set_bit_big
FNL:9,53,62
FNA:9,148215,shift_left_big
FNL:10,64,71
FNA:10,0,print_decimal_big
FNL:11,73,81
FNA:11,465,from_dec_to_big
FNL:12,8,14
FNA:12,387,set_sign_big
FNL:13,83,123
FNA:13,93,from_big_to_dec
FNF:14
FNH:13
DA:3,13591
DA:4,13591
DA:8,387
DA:9,387
DA:10,48
DA:11,339
DA:12,339
DA:14,387
DA:16,18796
DA:17,18796
DA:20,2250
DA:21,2250
DA:22,2250
DA:23,2250
DA:25,900747
DA:26,900747
DA:27,4497212
DA:28,3596465
DA:29,2695718
DA:31,900747
DA:32,900747
DA:35,900747
DA:38,451484
DA:39,2247640
DA:40,1796156
DA:41,1344672
DA:43,451484
DA:44,59349
DA:46,392135
DA:48,451484
DA:51,451484
DA:53,148215
DA:54,148215
DA:55,1185720
DA:56,1037505
DA:57,1037505
DA:58,1037505
DA:59,1037505
DA:61,148215
DA:64,0
DA:65,0
DA:66,0
DA:67,0
DA:68,0
DA:70,0
DA:71,0
DA:73,465
DA:74,1860
DA:75,1395
DA:77,2325
DA:78,1860
DA:80,465
DA:81,465
DA:83,93
DA:84,93
DA:85,93
DA:86,93
DA:87,93
DA:88,93
DA:89,93
DA:90,93
DA:91,93
DA:92,93
DA:93,116
DA:95,23
DA:96,23
DA:97,23
DA:98,23
DA:99,23
DA:102,93
DA:103,5
DA:104,88
DA:105,11
DA:108,421
DA:109,328
DA:110,0
DA:114,93
DA:115,328
DA:116,246
DA:118,82
DA:119,82
DA:122,93
DA:125,8321
DA:126,8321
DA:127,8321
DA:128,8321
DA:129,8384
DA:130,63
DA:131,63
DA:132,63
DA:133,63
DA:135,8331
DA:136,10
DA:137,10
DA:138,10
DA:139,10
DA:141,8321
DA:143,2088
DA:144,18792
DA:145,16704
DA:147,2088
DA:149,8376
DA:150,8376
DA:151,18121
DA:152,9745
DA:155,8376
DA:158,60
DA:159,60
DA:160,60
DA:162,60
LF:110
LH:102
end_of_record
TN:
SF:/Users/wendolyr/Desktop/C5_s21_decimal-1/src/s21_work_with_dec.c
FNL:0,15,15
FNA:0,233,get_scale
FNL:1,17,19
FNA:1,153,set_scale
FNL:2,21,32
FNA:2,6097,get_bit
FNL:3,3,6
FNA:3,158,get_sign
FNL:4,34,47
FNA:4,53,set_bit
FNL:5,49,56
FNA:5,0,print_decimal
FNL:6,58,69
FNA:6,215,check_bit3
FNL:7,71,75
FNA:7,122,set_zero_bits
FNL:8,77,84
FNA:8,71,is_zero
FNL:9,8,13
FNA:9,221,set_sign
FNF:10
FNH:9
DA:3,158
DA:4,158
DA:8,221
DA:9,221
DA:10,38
DA:11,183
DA:12,183
DA:13,221
DA:15,233
DA:17,153
DA:18,153
DA:19,153
DA:21,6097
DA:22,6097
DA:23,28181
DA:24,22084
DA:25,15987
DA:27,6097
DA:28,6097
DA:31,6097
DA:34,53
DA:35,210
DA:36,157
DA:37,104
DA:39,53
DA:40,49
DA:42,4
DA:44,53
DA:47,53
DA:49,0
DA:50,0
DA:51,0
DA:52,0
DA:53,0
DA:55,0
DA:56,0
DA:58,215
DA:59,215
DA:60,215
DA:61,3655
DA:62,3440
DA:64,1720
DA:65,1505
DA:68,215
DA:71,122
DA:72,610
DA:73,488
DA:75,122
DA:77,71
DA:78,71
DA:79,156
DA:80,85
DA:83,71
LF:53
LH:46
end_of_record
TN:
SF:/Users/wendolyr/Desktop/C5_s21_decimal-1/src/tests/tests.c
FNL:0,1008,1015
FNA:0,1,mul_14_fn
FNL:1,1018,1023
FNA:1,1,div_0_fn
FNL:2,1026,1031
FNA:2,1,div_1_fn
FNL:3,1034,1039
FNA:3,1,div_2_fn
FNL:4,1042,1047
FNA:4,1,div_3_fn
FNL:5,1050,1055
FNA:5,1,div_4_fn
FNL:6,1058,1066
FNA:6,1,truncate_0_fn
FNL:7,1069,1077
FNA:7,1,truncate_1_fn
FNL:8,1080,1088
FNA:8,1,truncate_2_fn
FNL:9,109,118
FNA:9,1,is_less_10_fn
FNL:10,1091,1100
FNA:10,1,truncate_3_fn
FNL:11,1102,1111
FNA:11,1,truncate_4_fn
FNL:12,1113,1121
FNA:12,1,negate_0_fn
FNL:13,1124,1131
FNA:13,1,negate_1_fn
FNL:14,1134,1141
FNA:14,1,negate_2_fn
FNL:15,1144,1151
FNA:15,1,negate_3_fn
FNL:16,1154,1158
FNA:16,1,floor_0_fn
FNL:17,1161,1168
FNA:17,1,floor_1_fn
FNL:18,1171,1179
FNA:18,1,floor_2_fn
FNL:19,1182,1190
FNA:19,1,floor_3_fn
FNL:20,1193,1201
FNA:20,1,round_0_fn
FNL:21,1204,1208
FNA:21,1,round_1_fn
FNL:22,121,128
FNA:22,1,is_less_11_fn
FNL:23,1211,1216
FNA:23,1,round_2_fn
FNL:24,1219,1224
FNA:24,1,round_3_fn
FNL:25,1227,1232
FNA:25,1,round_4_fn
FNL:26,1235,1240
FNA:26,1,round_5_fn
FNL:27,1243,1248
FNA:27,1,round_6_fn
FNL:28,1251,1256
FNA:28,1,round_7_fn
FNL:29,1259,1264
FNA:29,1,round_8_fn
FNL:30,1267,1276
FNA:30,1,round_9_fn
FNL:31,1279,1287
FNA:31,1,from_decimal_to_float_0_fn
FNL:32,1290,1299
FNA:32,1,from_decimal_to_float_1_fn
FNL:33,13,19
FNA:33,1,is_less_1_fn
FNL:34,1302,1310
FNA:34,1,from_float_to_decimal_0_fn
FNL:35,131,137
FNA:35,1,is_less_12_fn
FNL:36,1313,1321
FNA:36,1,from_float_to_decimal_1_fn
FNL:37,1324,1332
FNA:37,1,from_decimal_to_int_0_fn
FNL:38,1335,1344
FNA:38,1,from_decimal_to_int_1_fn
FNL:39,1347,1354
FNA:39,1,from_int_to_decimal_0_fn
FNL:40,1357,1364
FNA:40,1,from_int_to_decimal_1_fn
FNL:41,1367,1532
FNA:41,1,main
FNL:42,140,144
FNA:42,1,is_greater_0_fn
FNL:43,147,153
FNA:43,1,is_greater_1_fn
FNL:44,156,162
FNA:44,1,is_greater_2_fn
FNL:45,165,171
FNA:45,1,is_greater_3_fn
FNL:46,174,179
FNA:46,1,is_greater_4_fn
FNL:47,182,192
FNA:47,1,is_greater_5_fn
FNL:48,195,205
FNA:48,1,is_greater_6_fn
FNL:49,208,215
FNA:49,1,is_greater_7_fn
FNL:50,218,225
FNA:50,1,is_greater_8_fn
FNL:51,22,28
FNA:51,1,is_less_2_fn
FNL:52,228,232
FNA:52,1,is_greater_or_equal_0_fn
FNL:53,235,241
FNA:53,1,is_greater_or_equal_1_fn
FNL:54,244,250
FNA:54,1,is_greater_or_equal_2_fn
FNL:55,253,259
FNA:55,1,is_greater_or_equal_3_fn
FNL:56,262,267
FNA:56,1,is_greater_or_equal_4_fn
FNL:57,270,280
FNA:57,1,is_greater_or_equal_5_fn
FNL:58,283,293
FNA:58,1,is_greater_or_equal_6_fn
FNL:59,296,303
FNA:59,1,is_greater_or_equal_7_fn
FNL:60,306,310
FNA:60,1,is_less_or_equal_0_fn
FNL:61,31,37
FNA:61,1,is_less_3_fn
FNL:62,313,319
FNA:62,1,is_less_or_equal_1_fn
FNL:63,322,328
FNA:63,1,is_less_or_equal_2_fn
FNL:64,331,337
FNA:64,1,is_less_or_equal_3_fn
FNL:65,340,345
FNA:65,1,is_less_or_equal_4_fn
FNL:66,348,358
FNA:66,1,is_less_or_equal_5_fn
FNL:67,361,371
FNA:67,1,is_less_or_equal_6_fn
FNL:68,374,381
FNA:68,1,is_less_or_equal_7_fn
FNL:69,384,389
FNA:69,1,is_equal_0_fn
FNL:70,392,397
FNA:70,1,is_equal_1_fn
FNL:71,40,45
FNA:71,1,is_less_4_fn
FNL:72,400,407
FNA:72,1,is_equal_2_fn
FNL:73,410,416
FNA:73,1,is_equal_3_fn
FNL:74,419,425
FNA:74,1,is_equal_4_fn
FNL:75,428,434
FNA:75,1,is_equal_5_fn
FNL:76,437,445
FNA:76,1,is_equal_6_fn
FNL:77,448,454
FNA:77,1,is_equal_7_fn
FNL:78,457,461
FNA:78,1,is_equal_8_fn
FNL:79,464,470
FNA:79,1,is_not_equal_0_fn
FNL:80,473,478
FNA:80,1,is_not_equal_1_fn
FNL:81,48,58
FNA:81,1,is_less_5_fn
FNL:82,481,488
FNA:82,1,is_not_equal_2_fn
FNL:83,491,497
FNA:83,1,is_not_equal_3_fn
FNL:84,500,506
FNA:84,1,is_not_equal_4_fn
FNL:85,509,515
FNA:85,1,is_not_equal_5_fn
FNL:86,518,526
FNA:86,1,is_not_equal_6_fn
FNL:87,529,535
FNA:87,1,is_not_equal_7_fn
FNL:88,538,542
FNA:88,1,is_not_equal_8_fn
FNL:89,545,550
FNA:89,1,sub_0_fn
FNL:90,553,558
FNA:90,1,sub_1_fn
FNL:91,561,566
FNA:91,1,sub_2_fn
FNL:92,569,574
FNA:92,1,sub_3_fn
FNL:93,577,582
FNA:93,1,sub_4_fn
FNL:94,585,590
FNA:94,1,sub_5_fn
FNL:95,593,598
FNA:95,1,sub_6_fn
FNL:96,6,10
FNA:96,1,is_less_0_fn
FNL:97,601,606
FNA:97,1,sub_7_fn
FNL:98,609,614
FNA:98,1,sub_8_fn
FNL:99,61,71
FNA:99,1,is_less_6_fn
FNL:100,617,622
FNA:100,1,sub_9_fn
FNL:101,625,630
FNA:101,1,sub_10_fn
FNL:102,633,638
FNA:102,1,sub_11_fn
FNL:103,641,646
FNA:103,1,sub_12_fn
FNL:104,649,654
FNA:104,1,sub_13_fn
FNL:105,657,662
FNA:105,1,sub_14_fn
FNL:106,665,670
FNA:106,1,sub_15_fn
FNL:107,673,678
FNA:107,1,sub_16_fn
FNL:108,681,686
FNA:108,1,sub_17_fn
FNL:109,689,694
FNA:109,1,sub_18_fn
FNL:110,697,702
FNA:110,1,sub_19_fn
FNL:111,705,718
FNA:111,1,sub_20_fn
FNL:112,721,734
FNA:112,1,sub_21_fn
FNL:113,737,742
FNA:113,1,add_0_fn
FNL:114,74,81
FNA:114,1,is_less_7_fn
FNL:115,745,750
FNA:115,1,add_1_fn
FNL:116,753,758
FNA:116,1,add_2_fn
FNL:117,761,766
FNA:117,1,add_3_fn
FNL:118,769,774
FNA:118,1,add_4_fn
FNL:119,777,782
FNA:119,1,add_5_fn
FNL:120,785,790
FNA:120,1,add_6_fn
FNL:121,793,798
FNA:121,1,add_7_fn
FNL:122,801,806
FNA:122,1,add_8_fn
FNL:123,809,814
FNA:123,1,add_9_fn
FNL:124,817,822
FNA:124,1,add_10_fn
FNL:125,825,830
FNA:125,1,add_11_fn
FNL:126,833,838
FNA:126,1,add_12_fn
FNL:127,84,93
FNA:127,1,is_less_8_fn
FNL:128,841,846
FNA:128,1,add_13_fn
FNL:129,849,854
FNA:129,1,add_14_fn
FNL:130,857,862
FNA:130,1,add_15_fn
FNL:131,865,870
FNA:131,1,add_16_fn
FNL:132,873,880
FNA:132,1,add_17_fn
FNL:133,883,890
FNA:133,1,add_18_fn
FNL:134,893,898
FNA:134,1,mul_0_fn
FNL:135,901,906
FNA:135,1,mul_1_fn
FNL:136,909,914
FNA:136,1,mul_2_fn
FNL:137,917,922
FNA:137,1,mul_3_fn
FNL:138,925,930
FNA:138,1,mul_4_fn
FNL:139,933,938
FNA:139,1,mul_5_fn
FNL:140,941,946
FNA:140,1,mul_6_fn
FNL:141,949,954
FNA:141,1,mul_7_fn
FNL:142,957,962
FNA:142,1,mul_8_fn
FNL:143,96,106
FNA:143,1,is_less_9_fn
FNL:144,965,970
FNA:144,1,mul_9_fn
FNL:145,973,978
FNA:145,1,mul_10_fn
FNL:146,981,986
FNA:146,1,mul_11_fn
FNL:147,989,995
FNA:147,1,mul_12_fn
FNL:148,998,1005
FNA:148,1,mul_13_fn
FNF:149
FNH:149
DA:6,1
DA:7,1
DA:8,1
DA:9,1
DA:10,1
DA:13,1
DA:14,1
DA:15,1
DA:16,1
DA:17,1
DA:18,1
DA:19,1
DA:22,1
DA:23,1
DA:24,1
DA:25,1
DA:26,1
DA:27,1
DA:28,1
DA:31,1
DA:32,1
DA:33,1
DA:34,1
DA:35,1
DA:36,1
DA:37,1
DA:40,1
DA:41,1
DA:42,1
DA:43,1
DA:44,1
DA:45,1
DA:48,1
DA:49,1
DA:50,1
DA:51,1
DA:52,1
DA:53,1
DA:54,1
DA:55,1
DA:56,1
DA:57,1
DA:58,1
DA:61,1
DA:62,1
DA:63,1
DA:64,1
DA:65,1
DA:66,1
DA:67,1
DA:68,1
DA:69,1
DA:70,1
DA:71,1
DA:74,1
DA:75,1
DA:76,1
DA:77,1
DA:78,1
DA:79,1
DA:80,1
DA:81,1
DA:84,1
DA:85,1
DA:86,1
DA:87,1
DA:88,1
DA:89,1
DA:90,1
DA:91,1
DA:92,1
DA:93,1
DA:96,1
DA:97,1
DA:98,1
DA:99,1
DA:100,1
DA:101,1
DA:102,1
DA:103,1
DA:104,1
DA:105,1
DA:106,1
DA:109,1
DA:110,1
DA:111,1
DA:112,1
DA:113,1
DA:114,1
DA:115,1
DA:116,1
DA:117,1
DA:118,1
DA:121,1
DA:122,1
DA:123,1
DA:124,1
DA:125,1
DA:126,1
DA:127,1
DA:128,1
DA:131,1
DA:132,1
DA:133,1
DA:134,1
DA:135,1
DA:136,1
DA:137,1
DA:140,1
DA:141,1
DA:142,1
DA:143,1
DA:144,1
DA:147,1
DA:148,1
DA:149,1
DA:150,1
DA:151,1
DA:152,1
DA:153,1
DA:156,1
DA:157,1
DA:158,1
DA:159,1
DA:160,1
DA:161,1
DA:162,1
DA:165,1
DA:166,1
DA:167,1
DA:168,1
DA:169,1
DA:170,1
DA:171,1
DA:174,1
DA:175,1
DA:176,1
DA:177,1
DA:178,1
DA:179,1
DA:182,1
DA:183,1
DA:184,1
DA:185,1
DA:186,1
DA:187,1
DA:188,1
DA:189,1
DA:190,1
DA:191,1
DA:192,1
DA:195,1
DA:196,1
DA:197,1
DA:198,1
DA:199,1
DA:200,1
DA:201,1
DA:202,1
DA:203,1
DA:204,1
DA:205,1
DA:208,1
DA:209,1
DA:210,1
DA:211,1
DA:212,1
DA:213,1
DA:214,1
DA:215,1
DA:218,1
DA:219,1
DA:220,1
DA:221,1
DA:222,1
DA:223,1
DA:224,1
DA:225,1
DA:228,1
DA:229,1
DA:230,1
DA:231,1
DA:232,1
DA:235,1
DA:236,1
DA:237,1
DA:238,1
DA:239,1
DA:240,1
DA:241,1
DA:244,1
DA:245,1
DA:246,1
DA:247,1
DA:248,1
DA:249,1
DA:250,1
DA:253,1
DA:254,1
DA:255,1
DA:256,1
DA:257,1
DA:258,1
DA:259,1
DA:262,1
DA:263,1
DA:264,1
DA:265,1
DA:266,1
DA:267,1
DA:270,1
DA:271,1
DA:272,1
DA:273,1
DA:274,1
DA:275,1
DA:276,1
DA:277,1
DA:278,1
DA:279,1
DA:280,1
DA:283,1
DA:284,1
DA:285,1
DA:286,1
DA:287,1
DA:288,1
DA:289,1
DA:290,1
DA:291,1
DA:292,1
DA:293,1
DA:296,1
DA:297,1
DA:298,1
DA:299,1
DA:300,1
DA:301,1
DA:302,1
DA:303,1
DA:306,1
DA:307,1
DA:308,1
DA:309,1
DA:310,1
DA:313,1
DA:314,1
DA:315,1
DA:316,1
DA:317,1
DA:318,1
DA:319,1
DA:322,1
DA:323,1
DA:324,1
DA:325,1
DA:326,1
DA:327,1
DA:328,1
DA:331,1
DA:332,1
DA:333,1
DA:334,1
DA:335,1
DA:336,1
DA:337,1
DA:340,1
DA:341,1
DA:342,1
DA:343,1
DA:344,1
DA:345,1
DA:348,1
DA:349,1
DA:350,1
DA:351,1
DA:352,1
DA:353,1
DA:354,1
DA:355,1
DA:356,1
DA:357,1
DA:358,1
DA:361,1
DA:362,1
DA:363,1
DA:364,1
DA:365,1
DA:366,1
DA:367,1
DA:368,1
DA:369,1
DA:370,1
DA:371,1
DA:374,1
DA:375,1
DA:376,1
DA:377,1
DA:378,1
DA:379,1
DA:380,1
DA:381,1
DA:384,1
DA:385,1
DA:386,1
DA:387,1
DA:388,1
DA:389,1
DA:392,1
DA:393,1
DA:394,1
DA:395,1
DA:396,1
DA:397,1
DA:400,1
DA:401,1
DA:402,1
DA:403,1
DA:404,1
DA:405,1
DA:406,1
DA:407,1
DA:410,1
DA:411,1
DA:412,1
DA:413,1
DA:414,1
DA:415,1
DA:416,1
DA:419,1
DA:420,1
DA:421,1
DA:422,1
DA:423,1
DA:424,1
DA:425,1
DA:428,1
DA:429,1
DA:430,1
DA:431,1
DA:432,1
DA:433,1
DA:434,1
DA:437,1
DA:438,1
DA:439,1
DA:440,1
DA:441,1
DA:442,1
DA:443,1
DA:444,1
DA:445,1
DA:448,1
DA:449,1
DA:450,1
DA:451,1
DA:452,1
DA:453,1
DA:454,1
DA:457,1
DA:458,1
DA:459,1
DA:460,1
DA:461,1
DA:464,1
DA:465,1
DA:466,1
DA:467,1
DA:468,1
DA:469,1
DA:470,1
DA:473,1
DA:474,1
DA:475,1
DA:476,1
DA:477,1
DA:478,1
DA:481,1
DA:482,1
DA:483,1
DA:484,1
DA:485,1
DA:486,1
DA:487,1
DA:488,1
DA:491,1
DA:492,1
DA:493,1
DA:494,1
DA:495,1
DA:496,1
DA:497,1
DA:500,1
DA:501,1
DA:502,1
DA:503,1
DA:504,1
DA:505,1
DA:506,1
DA:509,1
DA:510,1
DA:511,1
DA:512,1
DA:513,1
DA:514,1
DA:515,1
DA:518,1
DA:519,1
DA:520,1
DA:521,1
DA:522,1
DA:523,1
DA:524,1
DA:525,1
DA:526,1
DA:529,1
DA:530,1
DA:531,1
DA:532,1
DA:533,1
DA:534,1
DA:535,1
DA:538,1
DA:539,1
DA:540,1
DA:541,1
DA:542,1
DA:545,1
DA:546,1
DA:547,1
DA:549,1
DA:550,1
DA:553,1
DA:554,1
DA:555,1
DA:557,1
DA:558,1
DA:561,1
DA:562,1
DA:563,1
DA:565,1
DA:566,1
DA:569,1
DA:570,1
DA:571,1
DA:573,1
DA:574,1
DA:577,1
DA:578,1
DA:579,1
DA:581,1
DA:582,1
DA:585,1
DA:586,1
DA:587,1
DA:589,1
DA:590,1
DA:593,1
DA:594,1
DA:595,1
DA:597,1
DA:598,1
DA:601,1
DA:602,1
DA:603,1
DA:605,1
DA:606,1
DA:609,1
DA:610,1
DA:611,1
DA:613,1
DA:614,1
DA:617,1
DA:618,1
DA:619,1
DA:621,1
DA:622,1
DA:625,1
DA:626,1
DA:627,1
DA:629,1
DA:630,1
DA:633,1
DA:634,1
DA:635,1
DA:637,1
DA:638,1
DA:641,1
DA:642,1
DA:643,1
DA:645,1
DA:646,1
DA:649,1
DA:650,1
DA:651,1
DA:653,1
DA:654,1
DA:657,1
DA:658,1
DA:659,1
DA:661,1
DA:662,1
DA:665,1
DA:666,1
DA:667,1
DA:669,1
DA:670,1
DA:673,1
DA:674,1
DA:675,1
DA:677,1
DA:678,1
DA:681,1
DA:682,1
DA:683,1
DA:685,1
DA:686,1
DA:689,1
DA:690,1
DA:691,1
DA:693,1
DA:694,1
DA:697,1
DA:698,1
DA:699,1
DA:701,1
DA:702,1
DA:705,1
DA:708,1
DA:709,1
DA:710,1
DA:711,1
DA:713,1
DA:714,1
DA:715,1
DA:716,1
DA:717,1
DA:718,1
DA:721,1
DA:724,1
DA:725,1
DA:726,1
DA:728,1
DA:729,1
DA:730,1
DA:731,1
DA:732,1
DA:733,1
DA:734,1
DA:737,1
DA:738,1
DA:739,1
DA:741,1
DA:742,1
DA:745,1
DA:746,1
DA:747,1
DA:749,1
DA:750,1
DA:753,1
DA:754,1
DA:755,1
DA:757,1
DA:758,1
DA:761,1
DA:762,1
DA:763,1
DA:765,1
DA:766,1
DA:769,1
DA:770,1
DA:771,1
DA:773,1
DA:774,1
DA:777,1
DA:778,1
DA:779,1
DA:781,1
DA:782,1
DA:785,1
DA:786,1
DA:787,1
DA:789,1
DA:790,1
DA:793,1
DA:794,1
DA:795,1
DA:797,1
DA:798,1
DA:801,1
DA:802,1
DA:803,1
DA:805,1
DA:806,1
DA:809,1
DA:810,1
DA:811,1
DA:813,1
DA:814,1
DA:817,1
DA:818,1
DA:819,1
DA:821,1
DA:822,1
DA:825,1
DA:826,1
DA:827,1
DA:829,1
DA:830,1
DA:833,1
DA:834,1
DA:835,1
DA:837,1
DA:838,1
DA:841,1
DA:842,1
DA:843,1
DA:845,1
DA:846,1
DA:849,1
DA:850,1
DA:851,1
DA:853,1
DA:854,1
DA:857,1
DA:858,1
DA:859,1
DA:861,1
DA:862,1
DA:865,1
DA:866,1
DA:867,1
DA:869,1
DA:870,1
DA:873,1
DA:874,1
DA:875,1
DA:876,1
DA:877,1
DA:879,1
DA:880,1
DA:883,1
DA:884,1
DA:885,1
DA:886,1
DA:887,1
DA:889,1
DA:890,1
DA:893,1
DA:894,1
DA:895,1
DA:896,1
DA:897,1
DA:898,1
DA:901,1
DA:902,1
DA:903,1
DA:904,1
DA:905,1
DA:906,1
DA:909,1
DA:910,1
DA:911,1
DA:912,1
DA:913,1
DA:914,1
DA:917,1
DA:918,1
DA:919,1
DA:920,1
DA:921,1
DA:922,1
DA:925,1
DA:926,1
DA:927,1
DA:928,1
DA:929,1
DA:930,1
DA:933,1
DA:934,1
DA:935,1
DA:936,1
DA:937,1
DA:938,1
DA:941,1
DA:942,1
DA:943,1
DA:944,1
DA:945,1
DA:946,1
DA:949,1
DA:950,1
DA:951,1
DA:952,1
DA:953,1
DA:954,1
DA:957,1
DA:958,1
DA:959,1
DA:960,1
DA:961,1
DA:962,1
DA:965,1
DA:966,1
DA:967,1
DA:968,1
DA:969,1
DA:970,1
DA:973,1
DA:974,1
DA:975,1
DA:976,1
DA:977,1
DA:978,1
DA:981,1
DA:982,1
DA:983,1
DA:984,1
DA:985,1
DA:986,1
DA:989,1
DA:990,1
DA:991,1
DA:992,1
DA:993,1
DA:994,1
DA:995,1
DA:998,1
DA:999,1
DA:1000,1
DA:1001,1
DA:1002,1
DA:1003,1
DA:1004,1
DA:1005,1
DA:1008,1
DA:1009,1
DA:1010,1
DA:1011,1
DA:1012,1
DA:1013,1
DA:1014,1
DA:1015,1
DA:1018,1
DA:1019,1
DA:1020,1
DA:1021,1
DA:1022,1
DA:1023,1
DA:1026,1
DA:1027,1
DA:1028,1
DA:1029,1
DA:1030,1
DA:1031,1
DA:1034,1
DA:1035,1
DA:1036,1
DA:1037,1
DA:1038,1
DA:1039,1
DA:1042,1
DA:1043,1
DA:1044,1
DA:1045,1
DA:1046,1
DA:1047,1
DA:1050,1
DA:1051,1
DA:1052,1
DA:1053,1
DA:1054,1
DA:1055,1
DA:1058,1
DA:1059,1
DA:1060,1
DA:1061,1
DA:1062,1
DA:1063,1
DA:1064,1
DA:1065,1
DA:1066,1
DA:1069,1
DA:1070,1
DA:1071,1
DA:1072,1
DA:1073,1
DA:1074,1
DA:1075,1
DA:1076,1
DA:1077,1
DA:1080,1
DA:1081,1
DA:1082,1
DA:1083,1
DA:1084,1
DA:1085,1
DA:1086,1
DA:1087,1
DA:1088,1
DA:1091,1
DA:1092,1
DA:1093,1
DA:1094,1
DA:1095,1
DA:1096,1
DA:1097,1
DA:1098,1
DA:1099,1
DA:1100,1
DA:1102,1
DA:1103,1
DA:1104,1
DA:1105,1
DA:1106,1
DA:1107,1
DA:1108,1
DA:1109,1
DA:1110,1
DA:1111,1
DA:1113,1
DA:1114,1
DA:1115,1
DA:1116,1
DA:1117,1
DA:1118,1
DA:1120,1
DA:1121,1
DA:1124,1
DA:1125,1
DA:1126,1
DA:1127,1
DA:1128,1
DA:1129,1
DA:1130,1
DA:1131,1
DA:1134,1
DA:1135,1
DA:1136,1
DA:1137,1
DA:1138,1
DA:1139,1
DA:1140,1
DA:1141,1
DA:1144,1
DA:1145,1
DA:1146,1
DA:1147,1
DA:1148,1
DA:1149,1
DA:1150,1
DA:1151,1
DA:1154,1
DA:1155,1
DA:1156,1
DA:1157,1
DA:1158,1
DA:1161,1
DA:1162,1
DA:1163,1
DA:1164,1
DA:1165,1
DA:1166,1
DA:1167,1
DA:1168,1
DA:1171,1
DA:1172,1
DA:1173,1
DA:1174,1
DA:1175,1
DA:1176,1
DA:1177,1
DA:1178,1
DA:1179,1
DA:1182,1
DA:1183,1
DA:1184,1
DA:1185,1
DA:1186,1
DA:1187,1
DA:1188,1
DA:1189,1
DA:1190,1
DA:1193,1
DA:1194,1
DA:1195,1
DA:1196,1
DA:1197,1
DA:1198,1
DA:1199,1
DA:1200,1
DA:1201,1
DA:1204,1
DA:1205,1
DA:1206,1
DA:1207,1
DA:1208,1
DA:1211,1
DA:1212,1
DA:1213,1
DA:1214,1
DA:1215,1
DA:1216,1
DA:1219,1
DA:1220,1
DA:1221,1
DA:1222,1
DA:1223,1
DA:1224,1
DA:1227,1
DA:1228,1
DA:1229,1
DA:1230,1
DA:1231,1
DA:1232,1
DA:1235,1
DA:1236,1
DA:1237,1
DA:1238,1
DA:1239,1
DA:1240,1
DA:1243,1
DA:1244,1
DA:1245,1
DA:1246,1
DA:1247,1
DA:1248,1
DA:1251,1
DA:1252,1
DA:1253,1
DA:1254,1
DA:1255,1
DA:1256,1
DA:1259,1
DA:1260,1
DA:1261,1
DA:1262,1
DA:1263,1
DA:1264,1
DA:1267,1
DA:1268,1
DA:1269,1
DA:1270,1
DA:1271,1
DA:1272,1
DA:1273,1
DA:1274,1
DA:1275,1
DA:1276,1
DA:1279,1
DA:1280,1
DA:1281,1
DA:1282,1
DA:1283,1
DA:1284,1
DA:1285,1
DA:1286,1
DA:1287,1
DA:1290,1
DA:1291,1
DA:1292,1
DA:1293,1
DA:1294,1
DA:1295,1
DA:1296,1
DA:1297,1
DA:1298,1
DA:1299,1
DA:1302,1
DA:1303,1
DA:1304,1
DA:1305,1
DA:1306,1
DA:1307,1
DA:1308,1
DA:1309,1
DA:1310,1
DA:1313,1
DA:1314,1
DA:1315,1
DA:1316,1
DA:1317,1
DA:1318,1
DA:1319,1
DA:1320,1
DA:1321,1
DA:1324,1
DA:1325,1
DA:1326,1
DA:1327,1
DA:1328,1
DA:1329,1
DA:1330,1
DA:1331,1
DA:1332,1
DA:1335,1
DA:1336,1
DA:1337,1
DA:1338,1
DA:1339,1
DA:1340,1
DA:1341,1
DA:1342,1
DA:1343,1
DA:1344,1
DA:1347,1
DA:1348,1
DA:1349,1
DA:1350,1
DA:1351,1
DA:1352,1
DA:1353,1
DA:1354,1
DA:1357,1
DA:1358,1
DA:1359,1
DA:1360,1
DA:1361,1
DA:1362,1
DA:1363,1
DA:1364,1
DA:1367,1
DA:1368,1
DA:1369,1
DA:1370,1
DA:1371,1
DA:1372,1
DA:1374,1
DA:1376,1
DA:1377,1
DA:1378,1
DA:1379,1
DA:1380,1
DA:1381,1
DA:1382,1
DA:1383,1
DA:1384,1
DA:1385,1
DA:1386,1
DA:1387,1
DA:1388,1
DA:1389,1
DA:1390,1
DA:1391,1
DA:1392,1
DA:1393,1
DA:1394,1
DA:1395,1
DA:1396,1
DA:1397,1
DA:1398,1
DA:1399,1
DA:1400,1
DA:1401,1
DA:1402,1
DA:1403,1
DA:1404,1
DA:1405,1
DA:1406,1
DA:1407,1
DA:1408,1
DA:1409,1
DA:1410,1
DA:1411,1
DA:1412,1
DA:1413,1
DA:1414,1
DA:1415,1
DA:1416,1
DA:1417,1
DA:1418,1
DA:1419,1
DA:1420,1
DA:1421,1
DA:1422,1
DA:1423,1
DA:1424,1
DA:1425,1
DA:1426,1
DA:1427,1
DA:1428,1
DA:1429,1
DA:1430,1
DA:1431,1
DA:1432,1
DA:1433,1
DA:1434,1
DA:1435,1
DA:1436,1
DA:1437,1
DA:1438,1
DA:1439,1
DA:1440,1
DA:1441,1
DA:1442,1
DA:1443,1
DA:1444,1
DA:1445,1
DA:1446,1
DA:1447,1
DA:1448,1
DA:1449,1
DA:1450,1
DA:1451,1
DA:1452,1
DA:1453,1
DA:1454,1
DA:1455,1
DA:1456,1
DA:1457,1
DA:1458,1
DA:1459,1
DA:1460,1
DA:1461,1
DA:1462,1
DA:1463,1
DA:1464,1
DA:1465,1
DA:1466,1
DA:1467,1
DA:1468,1
DA:1469,1
DA:1470,1
DA:1471,1
DA:1472,1
DA:1473,1
DA:1474,1
DA:1475,1
DA:1476,1
DA:1477,1
DA:1478,1
DA:1479,1
DA:1480,1
DA:1481,1
DA:1482,1
DA:1483,1
DA:1484,1
DA:1485,1
DA:1486,1
DA:1487,1
DA:1488,1
DA:1489,1
DA:1490,1
DA:1491,1
DA:1492,1
DA:1493,1
DA:1494,1
DA:1495,1
DA:1496,1
DA:1497,1
DA:1498,1
DA:1499,1
DA:1500,1
DA:1501,1
DA:1502,1
DA:1503,1
DA:1504,1
DA:1505,1
DA:1506,1
DA:1507,1
DA:1508,1
DA:1509,1
DA:1510,1
DA:1511,1
DA:1512,1
DA:1513,1
DA:1514,1
DA:1515,1
DA:1516,1
DA:1517,1
DA:1518,1
DA:1519,1
DA:1520,1
DA:1521,1
DA:1522,1
DA:1523,1
DA:1524,1
DA:1525,1
DA:1526,1
DA:1527,1
DA:1529,1
DA:1531,1
LF:1182
LH:1182
end_of_record
